<?xml version="1.0" encoding="UTF-8" ?>
<testsuite tests="28" failures="0" name="edu.stanford.nlp.stats.CountersTest" time="0.017" errors="0" skipped="0">
  <properties>
[...]
</properties>
  <testcase classname="edu.stanford.nlp.stats.CountersTest" name="testRetainAbove" time="0"/>
  <testcase classname="edu.stanford.nlp.stats.CountersTest" name="testAbsoluteDifference" time="0"/>
  <testcase classname="edu.stanford.nlp.stats.CountersTest" name="testSerialization" time="0"/>
  <testcase classname="edu.stanford.nlp.stats.CountersTest" name="testMin" time="0"/>
  <testcase classname="edu.stanford.nlp.stats.CountersTest" name="testToSortedList" time="0"/>
  <testcase classname="edu.stanford.nlp.stats.CountersTest" name="testToSortedString" time="0"/>
  <testcase classname="edu.stanford.nlp.stats.CountersTest" name="testUnion" time="0"/>
  <testcase classname="edu.stanford.nlp.stats.CountersTest" name="testFlatten" time="0"/>
  <testcase classname="edu.stanford.nlp.stats.CountersTest" name="testJensenShannonDivergence" time="0"/>
  <testcase classname="edu.stanford.nlp.stats.CountersTest" name="testRetainTop" time="0"/>
  <testcase classname="edu.stanford.nlp.stats.CountersTest" name="testProduct" time="0"/>
  <testcase classname="edu.stanford.nlp.stats.CountersTest" name="testLogNormalize" time="0"/>
  <testcase classname="edu.stanford.nlp.stats.CountersTest" name="testL2Normalize" time="0"/>
  <testcase classname="edu.stanford.nlp.stats.CountersTest" name="testDotProduct" time="0"/>
  <testcase classname="edu.stanford.nlp.stats.CountersTest" name="testAddInPlaceCollection" time="0"/>
  <testcase classname="edu.stanford.nlp.stats.CountersTest" name="testToTiedRankCounter" time="0"/>
  <testcase classname="edu.stanford.nlp.stats.CountersTest" name="testRemoveKeys" time="0"/>
  <testcase classname="edu.stanford.nlp.stats.CountersTest" name="testPearsonsCorrelationCoefficient" time="0"/>
  <testcase classname="edu.stanford.nlp.stats.CountersTest" name="testIntersection" time="0"/>
  <testcase classname="edu.stanford.nlp.stats.CountersTest" name="testArgmin" time="0"/>
  <testcase classname="edu.stanford.nlp.stats.CountersTest" name="testRetainTopMass" time="0"/>
  <testcase classname="edu.stanford.nlp.stats.CountersTest" name="testSerializeStringCounter" time="0.014"/>
  <testcase classname="edu.stanford.nlp.stats.CountersTest" name="testEquals" time="0"/>
  <testcase classname="edu.stanford.nlp.stats.CountersTest" name="testHIndex" time="0"/>
  <testcase classname="edu.stanford.nlp.stats.CountersTest" name="testDivideInPlace" time="0.002"/>
  <testcase classname="edu.stanford.nlp.stats.CountersTest" name="testL2Norm" time="0"/>
  <testcase classname="edu.stanford.nlp.stats.CountersTest" name="testTransformWithValuesAdd" time="0.001"/>
  <testcase classname="edu.stanford.nlp.stats.CountersTest" name="testPointwiseMutualInformation" time="0"/>
</testsuite>